<?xml version="1.0" encoding="UTF-8"?>
<testsuite name="ztysdmy.textmining.service.ApplicationTests" tests="1" skipped="0" failures="0" errors="0" timestamp="2020-10-02T08:57:47" hostname="KBP1-LHP-F91635" time="0.265">
  <properties/>
  <testcase name="contextLoads()" classname="ztysdmy.textmining.service.ApplicationTests" time="0.265"/>
  <system-out><![CDATA[11:57:46.360 [Test worker] DEBUG org.springframework.test.context.BootstrapUtils - Instantiating CacheAwareContextLoaderDelegate from class [org.springframework.test.context.cache.DefaultCacheAwareContextLoaderDelegate]
11:57:46.369 [Test worker] DEBUG org.springframework.test.context.BootstrapUtils - Instantiating BootstrapContext using constructor [public org.springframework.test.context.support.DefaultBootstrapContext(java.lang.Class,org.springframework.test.context.CacheAwareContextLoaderDelegate)]
11:57:46.388 [Test worker] DEBUG org.springframework.test.context.BootstrapUtils - Instantiating TestContextBootstrapper for test class [ztysdmy.textmining.service.ApplicationTests] from class [org.springframework.boot.test.context.SpringBootTestContextBootstrapper]
11:57:46.398 [Test worker] INFO org.springframework.boot.test.context.SpringBootTestContextBootstrapper - Neither @ContextConfiguration nor @ContextHierarchy found for test class [ztysdmy.textmining.service.ApplicationTests], using SpringBootContextLoader
11:57:46.400 [Test worker] DEBUG org.springframework.test.context.support.AbstractContextLoader - Did not detect default resource location for test class [ztysdmy.textmining.service.ApplicationTests]: class path resource [ztysdmy/textmining/service/ApplicationTests-context.xml] does not exist
11:57:46.401 [Test worker] DEBUG org.springframework.test.context.support.AbstractContextLoader - Did not detect default resource location for test class [ztysdmy.textmining.service.ApplicationTests]: class path resource [ztysdmy/textmining/service/ApplicationTestsContext.groovy] does not exist
11:57:46.401 [Test worker] INFO org.springframework.test.context.support.AbstractContextLoader - Could not detect default resource locations for test class [ztysdmy.textmining.service.ApplicationTests]: no resource found for suffixes {-context.xml, Context.groovy}.
11:57:46.401 [Test worker] INFO org.springframework.test.context.support.AnnotationConfigContextLoaderUtils - Could not detect default configuration classes for test class [ztysdmy.textmining.service.ApplicationTests]: ApplicationTests does not declare any static, non-private, non-final, nested classes annotated with @Configuration.
11:57:46.426 [Test worker] DEBUG org.springframework.test.context.support.ActiveProfilesUtils - Could not find an 'annotation declaring class' for annotation type [org.springframework.test.context.ActiveProfiles] and class [ztysdmy.textmining.service.ApplicationTests]
11:57:46.468 [Test worker] DEBUG org.springframework.context.annotation.ClassPathScanningCandidateComponentProvider - Identified candidate component class: file [D:\ProjectJava14\textmining-service\build\classes\java\main\ztysdmy\textmining\service\Application.class]
11:57:46.469 [Test worker] INFO org.springframework.boot.test.context.SpringBootTestContextBootstrapper - Found @SpringBootConfiguration ztysdmy.textmining.service.Application for test class ztysdmy.textmining.service.ApplicationTests
11:57:46.532 [Test worker] DEBUG org.springframework.boot.test.context.SpringBootTestContextBootstrapper - @TestExecutionListeners is not present for class [ztysdmy.textmining.service.ApplicationTests]: using defaults.
11:57:46.533 [Test worker] INFO org.springframework.boot.test.context.SpringBootTestContextBootstrapper - Loaded default TestExecutionListener class names from location [META-INF/spring.factories]: [org.springframework.boot.test.autoconfigure.restdocs.RestDocsTestExecutionListener, org.springframework.boot.test.autoconfigure.web.client.MockRestServiceServerResetTestExecutionListener, org.springframework.boot.test.autoconfigure.web.servlet.MockMvcPrintOnlyOnFailureTestExecutionListener, org.springframework.boot.test.autoconfigure.web.servlet.WebDriverTestExecutionListener, org.springframework.boot.test.autoconfigure.webservices.client.MockWebServiceServerTestExecutionListener, org.springframework.boot.test.mock.mockito.MockitoTestExecutionListener, org.springframework.boot.test.mock.mockito.ResetMocksTestExecutionListener, org.springframework.test.context.web.ServletTestExecutionListener, org.springframework.test.context.support.DirtiesContextBeforeModesTestExecutionListener, org.springframework.test.context.support.DependencyInjectionTestExecutionListener, org.springframework.test.context.support.DirtiesContextTestExecutionListener, org.springframework.test.context.transaction.TransactionalTestExecutionListener, org.springframework.test.context.jdbc.SqlScriptsTestExecutionListener, org.springframework.test.context.event.EventPublishingTestExecutionListener]
11:57:46.548 [Test worker] DEBUG org.springframework.boot.test.context.SpringBootTestContextBootstrapper - Skipping candidate TestExecutionListener [org.springframework.test.context.transaction.TransactionalTestExecutionListener] due to a missing dependency. Specify custom listener classes or make the default listener classes and their required dependencies available. Offending class: [org/springframework/transaction/interceptor/TransactionAttributeSource]
11:57:46.548 [Test worker] DEBUG org.springframework.boot.test.context.SpringBootTestContextBootstrapper - Skipping candidate TestExecutionListener [org.springframework.test.context.jdbc.SqlScriptsTestExecutionListener] due to a missing dependency. Specify custom listener classes or make the default listener classes and their required dependencies available. Offending class: [org/springframework/transaction/interceptor/TransactionAttribute]
11:57:46.549 [Test worker] INFO org.springframework.boot.test.context.SpringBootTestContextBootstrapper - Using TestExecutionListeners: [org.springframework.test.context.web.ServletTestExecutionListener@7c539cf2, org.springframework.test.context.support.DirtiesContextBeforeModesTestExecutionListener@5006803b, org.springframework.boot.test.mock.mockito.MockitoTestExecutionListener@5180c75a, org.springframework.boot.test.autoconfigure.SpringBootDependencyInjectionTestExecutionListener@54df36ff, org.springframework.test.context.support.DirtiesContextTestExecutionListener@348b849a, org.springframework.test.context.event.EventPublishingTestExecutionListener@5068cd68, org.springframework.boot.test.autoconfigure.restdocs.RestDocsTestExecutionListener@7056a28, org.springframework.boot.test.autoconfigure.web.client.MockRestServiceServerResetTestExecutionListener@2ac0dcf9, org.springframework.boot.test.autoconfigure.web.servlet.MockMvcPrintOnlyOnFailureTestExecutionListener@4287226f, org.springframework.boot.test.autoconfigure.web.servlet.WebDriverTestExecutionListener@5492b4da, org.springframework.boot.test.autoconfigure.webservices.client.MockWebServiceServerTestExecutionListener@786ad04a, org.springframework.boot.test.mock.mockito.ResetMocksTestExecutionListener@5461ecaa]
11:57:46.552 [Test worker] DEBUG org.springframework.test.context.support.AbstractDirtiesContextTestExecutionListener - Before test class: context [DefaultTestContext@3e10dda9 testClass = ApplicationTests, testInstance = [null], testMethod = [null], testException = [null], mergedContextConfiguration = [WebMergedContextConfiguration@5d58c5bb testClass = ApplicationTests, locations = '{}', classes = '{class ztysdmy.textmining.service.Application}', contextInitializerClasses = '[]', activeProfiles = '{}', propertySourceLocations = '{}', propertySourceProperties = '{org.springframework.boot.test.context.SpringBootTestContextBootstrapper=true}', contextCustomizers = set[org.springframework.boot.test.autoconfigure.properties.PropertyMappingContextCustomizer@0, org.springframework.boot.test.autoconfigure.web.servlet.WebDriverContextCustomizerFactory$Customizer@798994cf, org.springframework.boot.test.context.filter.ExcludeFilterContextCustomizer@2c5a1b36, org.springframework.boot.test.json.DuplicateJsonObjectContextCustomizerFactory$DuplicateJsonObjectContextCustomizer@6b248fd1, org.springframework.boot.test.mock.mockito.MockitoContextCustomizer@0, org.springframework.boot.test.web.client.TestRestTemplateContextCustomizer@3f954a2c, org.springframework.boot.test.context.SpringBootTestArgs@1], resourceBasePath = 'src/main/webapp', contextLoader = 'org.springframework.boot.test.context.SpringBootContextLoader', parent = [null]], attributes = map['org.springframework.test.context.web.ServletTestExecutionListener.activateListener' -> true]], class annotated with @DirtiesContext [false] with mode [null].
11:57:46.572 [Test worker] DEBUG org.springframework.test.context.support.TestPropertySourceUtils - Adding inlined properties to environment: {spring.jmx.enabled=false, org.springframework.boot.test.context.SpringBootTestContextBootstrapper=true}

  .   ____          _            __ _ _
 /\\ / ___'_ __ _ _(_)_ __  __ _ \ \ \ \
( ( )\___ | '_ | '_| | '_ \/ _` | \ \ \ \
 \\/  ___)| |_)| | | | | || (_| |  ) ) ) )
  '  |____| .__|_| |_|_| |_\__, | / / / /
 =========|_|==============|___/=/_/_/_/
 :: Spring Boot ::        (v2.3.4.RELEASE)

2020-10-02 11:57:46.820  INFO 13140 --- [    Test worker] z.textmining.service.ApplicationTests    : Starting ApplicationTests on KBP1-LHP-F91635 with PID 13140 (started by dmytro.tyshchenko in D:\ProjectJava14\textmining-service)
2020-10-02 11:57:46.821  INFO 13140 --- [    Test worker] z.textmining.service.ApplicationTests    : No active profile set, falling back to default profiles: default
2020-10-02 11:57:47.571  INFO 13140 --- [    Test worker] o.s.s.concurrent.ThreadPoolTaskExecutor  : Initializing ExecutorService 'applicationTaskExecutor'
2020-10-02 11:57:47.748  INFO 13140 --- [    Test worker] z.textmining.service.ApplicationTests    : Started ApplicationTests in 1.169 seconds (JVM running for 2.158)
]]></system-out>
  <system-err><![CDATA[]]></system-err>
</testsuite>
